<?xml version="1.0" encoding="UTF-8"?>
<!-- Generated by org.testng.reporters.JUnitReportReporter -->
<testsuite hostname="DESKTOP-TLR6I43" failures="0" tests="1" name="javaPackage.TestNGListenerDemo" time="0.025" errors="0" timestamp="2024-01-13T22:43:23 IST" skipped="0">
  <testcase classname="javaPackage.TestNGListenerDemo" name="aMeth" time="0.025"/>
</testsuite> <!-- javaPackage.TestNGListenerDemo -->
