<?xml version="1.0" encoding="UTF-8"?>
<!-- Generated by org.testng.reporters.JUnitReportReporter -->
<testsuite hostname="DESKTOP-TLR6I43" failures="0" tests="1" name="javaPackage.Assertion2" time="0.041" errors="0" timestamp="2024-01-10T22:18:47 IST" skipped="0">
  <testcase classname="javaPackage.Assertion2" name="f" time="0.041"/>
</testsuite> <!-- javaPackage.Assertion2 -->
