<?xml version="1.0" encoding="UTF-8"?>
<!-- Generated by org.testng.reporters.JUnitReportReporter -->
<testsuite hostname="DESKTOP-TLR6I43" failures="0" tests="4" name="javaPackage.TestNG3" time="0.023" errors="0" timestamp="2024-01-03T09:16:48 IST" skipped="0">
  <testcase classname="javaPackage.TestNG3" name="a" time="0.006"/>
  <testcase classname="javaPackage.TestNG3" name="d" time="0.006"/>
  <testcase classname="javaPackage.TestNG3" name="b" time="0.005"/>
  <testcase classname="javaPackage.TestNG3" name="c" time="0.006"/>
</testsuite> <!-- javaPackage.TestNG3 -->
