<?xml version="1.0" encoding="UTF-8"?>
<!-- Generated by org.testng.reporters.JUnitReportReporter -->
<testsuite hostname="DESKTOP-TLR6I43" failures="0" tests="2" name="javaPackage.TestNG2" time="0.015" errors="0" timestamp="2024-01-03T09:16:48 IST" skipped="0">
  <testcase classname="javaPackage.TestNG2" name="abTst" time="0.009"/>
  <testcase classname="javaPackage.TestNG2" name="a3Tst" time="0.006"/>
</testsuite> <!-- javaPackage.TestNG2 -->
