<?xml version="1.0" encoding="UTF-8"?>
<!-- Generated by org.testng.reporters.JUnitReportReporter -->
<testsuite hostname="DESKTOP-TLR6I43" failures="0" tests="4" name="javaPackage.TestNG4" time="0.013" errors="0" timestamp="2024-01-03T09:16:48 IST" skipped="1">
  <testcase classname="javaPackage.TestNG4" name="b" time="0.003"/>
  <testcase classname="javaPackage.TestNG4" name="c" time="0.004"/>
  <testcase classname="javaPackage.TestNG4" name="c" time="0.006"/>
  <testcase classname="javaPackage.TestNG4" name="a">
    <skipped/>
  </testcase> <!-- a -->
</testsuite> <!-- javaPackage.TestNG4 -->
